<?xml version="1.0" encoding="UTF-8"?>
<testsuite xmlns:xsi="http://www.w3.org/2001/XMLSchema-instance" xsi:noNamespaceSchemaLocation="https://maven.apache.org/surefire/maven-surefire-plugin/xsd/surefire-test-report-3.0.xsd" version="3.0" name="com.demo.bookstoreapp.BookStoreAppApplicationTests" time="9.798" tests="1" errors="0" skipped="0" failures="0">
  <properties>
[...]
</properties>
  <testcase name="contextLoads" classname="com.demo.bookstoreapp.BookStoreAppApplicationTests" time="0.893">
    <system-out><![CDATA[18:45:19.353 [main] INFO org.springframework.test.context.support.AnnotationConfigContextLoaderUtils -- Could not detect default configuration classes for test class [com.demo.bookstoreapp.BookStoreAppApplicationTests]: BookStoreAppApplicationTests does not declare any static, non-private, non-final, nested classes annotated with @Configuration.
18:45:19.470 [main] INFO org.springframework.boot.test.context.SpringBootTestContextBootstrapper -- Found @SpringBootConfiguration com.demo.bookstoreapp.BookStoreAppApplication for test class com.demo.bookstoreapp.BookStoreAppApplicationTests
18:45:19.646 [main] INFO org.springframework.boot.devtools.restart.RestartApplicationListener -- Restart disabled due to context in which it is running

  .   ____          _            __ _ _
 /\\ / ___'_ __ _ _(_)_ __  __ _ \ \ \ \
( ( )\___ | '_ | '_| | '_ \/ _` | \ \ \ \
 \\/  ___)| |_)| | | | | || (_| |  ) ) ) )
  '  |____| .__|_| |_|_| |_\__, | / / / /
 =========|_|==============|___/=/_/_/_/

 :: Spring Boot ::                (v3.3.1)

2025-04-09T18:45:19.916+05:30  INFO 12612 --- [Book-Store-App] [           main] c.d.b.BookStoreAppApplicationTests       : Starting BookStoreAppApplicationTests using Java 18.0.2 with PID 12612 (started by KIIT in C:\Users\KIIT\Desktop\iajf\Book-Store-App-master)
2025-04-09T18:45:19.917+05:30  INFO 12612 --- [Book-Store-App] [           main] c.d.b.BookStoreAppApplicationTests       : No active profile set, falling back to 1 default profile: "default"
2025-04-09T18:45:20.928+05:30  INFO 12612 --- [Book-Store-App] [           main] .s.d.r.c.RepositoryConfigurationDelegate : Bootstrapping Spring Data MongoDB repositories in DEFAULT mode.
2025-04-09T18:45:20.991+05:30  INFO 12612 --- [Book-Store-App] [           main] .s.d.r.c.RepositoryConfigurationDelegate : Finished Spring Data repository scanning in 58 ms. Found 2 MongoDB repository interfaces.
2025-04-09T18:45:23.672+05:30  INFO 12612 --- [Book-Store-App] [           main] org.mongodb.driver.client                : MongoClient with metadata {"application": {"name": "Cluster1"}, "driver": {"name": "mongo-java-driver|sync|spring-data", "version": "5.0.1"}, "os": {"type": "Windows", "name": "Windows 11", "architecture": "amd64", "version": "10.0"}, "platform": "Java/Oracle Corporation/18.0.2+9-61"} created with settings MongoClientSettings{readPreference=primary, writeConcern=WriteConcern{w=majority, wTimeout=null ms, journal=null}, retryWrites=true, retryReads=true, readConcern=ReadConcern{level=null}, credential=MongoCredential{mechanism=null, userName='cocatul11', source='admin', password=<hidden>, mechanismProperties=<hidden>}, transportSettings=null, commandListeners=[], codecRegistry=ProvidersCodecRegistry{codecProviders=[ValueCodecProvider{}, BsonValueCodecProvider{}, DBRefCodecProvider{}, DBObjectCodecProvider{}, DocumentCodecProvider{}, CollectionCodecProvider{}, IterableCodecProvider{}, MapCodecProvider{}, GeoJsonCodecProvider{}, GridFSFileCodecProvider{}, Jsr310CodecProvider{}, JsonObjectCodecProvider{}, BsonCodecProvider{}, EnumCodecProvider{}, com.mongodb.client.model.mql.ExpressionCodecProvider@5f025000, com.mongodb.Jep395RecordCodecProvider@10980560, com.mongodb.KotlinCodecProvider@739e8b96]}, loggerSettings=LoggerSettings{maxDocumentLength=1000}, clusterSettings={hosts=[127.0.0.1:27017], srvHost=cluster1.r66zzje.mongodb.net, srvServiceName=mongodb, mode=MULTIPLE, requiredClusterType=REPLICA_SET, requiredReplicaSetName='atlas-79yojx-shard-0', serverSelector='null', clusterListeners='[]', serverSelectionTimeout='30000 ms', localThreshold='15 ms'}, socketSettings=SocketSettings{connectTimeoutMS=30000, readTimeoutMS=30000, receiveBufferSize=0, proxySettings=ProxySettings{host=null, port=null, username=null, password=null}}, heartbeatSocketSettings=SocketSettings{connectTimeoutMS=30000, readTimeoutMS=30000, receiveBufferSize=0, proxySettings=ProxySettings{host=null, port=null, username=null, password=null}}, connectionPoolSettings=ConnectionPoolSettings{maxSize=10, minSize=5, maxWaitTimeMS=15, maxConnectionLifeTimeMS=1000, maxConnectionIdleTimeMS=30000, maintenanceInitialDelayMS=11, maintenanceFrequencyMS=10, connectionPoolListeners=[], maxConnecting=2}, serverSettings=ServerSettings{heartbeatFrequencyMS=10000, minHeartbeatFrequencyMS=500, serverListeners='[]', serverMonitorListeners='[]'}, sslSettings=SslSettings{enabled=true, invalidHostNameAllowed=false, context=null}, applicationName='Cluster1', compressorList=[], uuidRepresentation=JAVA_LEGACY, serverApi=null, autoEncryptionSettings=null, dnsClient=null, inetAddressResolver=null, contextProvider=null}
2025-04-09T18:45:25.123+05:30  INFO 12612 --- [Book-Store-App] [           main] org.mongodb.driver.cluster               : Waiting for server to become available for operation with ID 1. Remaining time: 30000 ms. Selector: WritableServerSelector, topology description: {type=UNKNOWN, servers=[].
2025-04-09T18:45:25.732+05:30  INFO 12612 --- [Book-Store-App] [zje.mongodb.net] org.mongodb.driver.cluster               : Adding discovered server ac-cd2ydva-shard-00-01.r66zzje.mongodb.net:27017 to client view of cluster
2025-04-09T18:45:25.762+05:30  INFO 12612 --- [Book-Store-App] [zje.mongodb.net] org.mongodb.driver.cluster               : Adding discovered server ac-cd2ydva-shard-00-00.r66zzje.mongodb.net:27017 to client view of cluster
2025-04-09T18:45:25.765+05:30  INFO 12612 --- [Book-Store-App] [zje.mongodb.net] org.mongodb.driver.cluster               : Adding discovered server ac-cd2ydva-shard-00-02.r66zzje.mongodb.net:27017 to client view of cluster
2025-04-09T18:45:27.520+05:30  INFO 12612 --- [Book-Store-App] [ngodb.net:27017] org.mongodb.driver.cluster               : Monitor thread successfully connected to server with description ServerDescription{address=ac-cd2ydva-shard-00-00.r66zzje.mongodb.net:27017, type=REPLICA_SET_SECONDARY, state=CONNECTED, ok=true, minWireVersion=0, maxWireVersion=25, maxDocumentSize=16777216, logicalSessionTimeoutMinutes=30, roundTripTimeNanos=408403199, setName='atlas-79yojx-shard-0', canonicalAddress=ac-cd2ydva-shard-00-00.r66zzje.mongodb.net:27017, hosts=[ac-cd2ydva-shard-00-00.r66zzje.mongodb.net:27017, ac-cd2ydva-shard-00-01.r66zzje.mongodb.net:27017, ac-cd2ydva-shard-00-02.r66zzje.mongodb.net:27017], passives=[], arbiters=[], primary='ac-cd2ydva-shard-00-01.r66zzje.mongodb.net:27017', tagSet=TagSet{[Tag{name='availabilityZone', value='asia-south1-a'}, Tag{name='diskState', value='READY'}, Tag{name='nodeType', value='ELECTABLE'}, Tag{name='provider', value='GCP'}, Tag{name='region', value='ASIA_SOUTH_1'}, Tag{name='workloadType', value='OPERATIONAL'}]}, electionId=null, setVersion=61, topologyVersion=TopologyVersion{processId=67f42ebc02c45fdc9ad0b1ac, counter=4}, lastWriteDate=Wed Apr 09 18:45:26 IST 2025, lastUpdateTimeNanos=527924623532000}
2025-04-09T18:45:27.520+05:30  INFO 12612 --- [Book-Store-App] [ngodb.net:27017] org.mongodb.driver.cluster               : Monitor thread successfully connected to server with description ServerDescription{address=ac-cd2ydva-shard-00-02.r66zzje.mongodb.net:27017, type=REPLICA_SET_SECONDARY, state=CONNECTED, ok=true, minWireVersion=0, maxWireVersion=25, maxDocumentSize=16777216, logicalSessionTimeoutMinutes=30, roundTripTimeNanos=411510300, setName='atlas-79yojx-shard-0', canonicalAddress=ac-cd2ydva-shard-00-02.r66zzje.mongodb.net:27017, hosts=[ac-cd2ydva-shard-00-00.r66zzje.mongodb.net:27017, ac-cd2ydva-shard-00-01.r66zzje.mongodb.net:27017, ac-cd2ydva-shard-00-02.r66zzje.mongodb.net:27017], passives=[], arbiters=[], primary='ac-cd2ydva-shard-00-01.r66zzje.mongodb.net:27017', tagSet=TagSet{[Tag{name='availabilityZone', value='asia-south1-c'}, Tag{name='diskState', value='READY'}, Tag{name='nodeType', value='ELECTABLE'}, Tag{name='provider', value='GCP'}, Tag{name='region', value='ASIA_SOUTH_1'}, Tag{name='workloadType', value='OPERATIONAL'}]}, electionId=null, setVersion=61, topologyVersion=TopologyVersion{processId=67f435ab9c24619de7e858e7, counter=3}, lastWriteDate=Wed Apr 09 18:45:26 IST 2025, lastUpdateTimeNanos=527924623545600}
2025-04-09T18:45:27.521+05:30  INFO 12612 --- [Book-Store-App] [ngodb.net:27017] org.mongodb.driver.cluster               : Monitor thread successfully connected to server with description ServerDescription{address=ac-cd2ydva-shard-00-01.r66zzje.mongodb.net:27017, type=REPLICA_SET_PRIMARY, state=CONNECTED, ok=true, minWireVersion=0, maxWireVersion=25, maxDocumentSize=16777216, logicalSessionTimeoutMinutes=30, roundTripTimeNanos=411516999, setName='atlas-79yojx-shard-0', canonicalAddress=ac-cd2ydva-shard-00-01.r66zzje.mongodb.net:27017, hosts=[ac-cd2ydva-shard-00-00.r66zzje.mongodb.net:27017, ac-cd2ydva-shard-00-01.r66zzje.mongodb.net:27017, ac-cd2ydva-shard-00-02.r66zzje.mongodb.net:27017], passives=[], arbiters=[], primary='ac-cd2ydva-shard-00-01.r66zzje.mongodb.net:27017', tagSet=TagSet{[Tag{name='availabilityZone', value='asia-south1-b'}, Tag{name='diskState', value='READY'}, Tag{name='nodeType', value='ELECTABLE'}, Tag{name='provider', value='GCP'}, Tag{name='region', value='ASIA_SOUTH_1'}, Tag{name='workloadType', value='OPERATIONAL'}]}, electionId=7fffffff0000000000000047, setVersion=61, topologyVersion=TopologyVersion{processId=67f43211ec8892dfa20d4a75, counter=6}, lastWriteDate=Wed Apr 09 18:45:26 IST 2025, lastUpdateTimeNanos=527924623532000}
2025-04-09T18:45:27.525+05:30  INFO 12612 --- [Book-Store-App] [ngodb.net:27017] org.mongodb.driver.cluster               : Discovered replica set primary ac-cd2ydva-shard-00-01.r66zzje.mongodb.net:27017 with max election id 7fffffff0000000000000047 and max set version 61
2025-04-09T18:45:28.042+05:30  INFO 12612 --- [Book-Store-App] [           main] c.d.b.BookStoreAppApplicationTests       : Started BookStoreAppApplicationTests in 8.407 seconds (process running for 9.462)
]]></system-out>
  </testcase>
</testsuite>